{
  "uid" : "869bac06496e1fe4",
  "name" : "User_Enter_Payroll_Module",
  "fullName" : "tests.AllowenceRequestTest.User_Enter_Payroll_Module",
  "historyId" : "5d3b3a80b0abf9c12529accefd96867a",
  "time" : {
    "start" : 1683465131602,
    "stop" : 1683465131604,
    "duration" : 2
  },
  "status" : "skipped",
  "statusMessage" : "Unable to establish websocket connection to http://localhost:50978/devtools/browser/d0bc21e8-fa4e-4c83-89a7-97d98a89b41f\nBuild info: version: '4.7.2', revision: '4d4020c3b7'\nSystem info: os.name: 'Windows 10', os.arch: 'amd64', os.version: '10.0', java.version: '19.0.2'\nDriver info: driver.version: ChromeDriver",
  "statusTrace" : "org.openqa.selenium.remote.http.ConnectionFailedException: Unable to establish websocket connection to http://localhost:50978/devtools/browser/d0bc21e8-fa4e-4c83-89a7-97d98a89b41f\nBuild info: version: '4.7.2', revision: '4d4020c3b7'\nSystem info: os.name: 'Windows 10', os.arch: 'amd64', os.version: '10.0', java.version: '19.0.2'\nDriver info: driver.version: ChromeDriver\r\n\tat org.openqa.selenium.remote.http.netty.NettyWebSocket.<init>(NettyWebSocket.java:102)\r\n\tat org.openqa.selenium.remote.http.netty.NettyWebSocket.lambda$create$3(NettyWebSocket.java:128)\r\n\tat org.openqa.selenium.remote.http.netty.NettyClient.openSocket(NettyClient.java:107)\r\n\tat org.openqa.selenium.devtools.Connection.<init>(Connection.java:78)\r\n\tat org.openqa.selenium.chromium.ChromiumDriver.lambda$new$2(ChromiumDriver.java:116)\r\n\tat java.base/java.util.Optional.map(Optional.java:260)\r\n\tat org.openqa.selenium.chromium.ChromiumDriver.<init>(ChromiumDriver.java:114)\r\n\tat org.openqa.selenium.chrome.ChromeDriver.<init>(ChromeDriver.java:82)\r\n\tat org.openqa.selenium.chrome.ChromeDriver.<init>(ChromeDriver.java:50)\r\n\tat tests.TestBase.openBrowser(TestBase.java:27)\r\n\tat java.base/jdk.internal.reflect.DirectMethodHandleAccessor.invoke(DirectMethodHandleAccessor.java:104)\r\n\tat java.base/java.lang.reflect.Method.invoke(Method.java:578)\r\n\tat org.testng.internal.MethodInvocationHelper.invokeMethod(MethodInvocationHelper.java:134)\r\n\tat org.testng.internal.MethodInvocationHelper.invokeMethodConsideringTimeout(MethodInvocationHelper.java:63)\r\n\tat org.testng.internal.ConfigInvoker.invokeConfigurationMethod(ConfigInvoker.java:348)\r\n\tat org.testng.internal.ConfigInvoker.invokeConfigurations(ConfigInvoker.java:302)\r\n\tat org.testng.SuiteRunner.privateRun(SuiteRunner.java:327)\r\n\tat org.testng.SuiteRunner.run(SuiteRunner.java:286)\r\n\tat org.testng.SuiteRunnerWorker.runSuite(SuiteRunnerWorker.java:53)\r\n\tat org.testng.SuiteRunnerWorker.run(SuiteRunnerWorker.java:96)\r\n\tat org.testng.TestNG.runSuitesSequentially(TestNG.java:1187)\r\n\tat org.testng.TestNG.runSuitesLocally(TestNG.java:1109)\r\n\tat org.testng.TestNG.runSuites(TestNG.java:1039)\r\n\tat org.testng.TestNG.run(TestNG.java:1007)\r\n\tat com.intellij.rt.testng.IDEARemoteTestNG.run(IDEARemoteTestNG.java:66)\r\n\tat com.intellij.rt.testng.RemoteTestNGStarter.main(RemoteTestNGStarter.java:109)\r\n",
  "flaky" : false,
  "newFailed" : false,
  "beforeStages" : [ {
    "name" : "openBrowser",
    "time" : {
      "start" : 1683465124252,
      "stop" : 1683465131002,
      "duration" : 6750
    },
    "description" : "",
    "status" : "broken",
    "statusMessage" : "Unable to establish websocket connection to http://localhost:50978/devtools/browser/d0bc21e8-fa4e-4c83-89a7-97d98a89b41f\nBuild info: version: '4.7.2', revision: '4d4020c3b7'\nSystem info: os.name: 'Windows 10', os.arch: 'amd64', os.version: '10.0', java.version: '19.0.2'\nDriver info: driver.version: ChromeDriver",
    "statusTrace" : "org.openqa.selenium.remote.http.ConnectionFailedException: Unable to establish websocket connection to http://localhost:50978/devtools/browser/d0bc21e8-fa4e-4c83-89a7-97d98a89b41f\nBuild info: version: '4.7.2', revision: '4d4020c3b7'\nSystem info: os.name: 'Windows 10', os.arch: 'amd64', os.version: '10.0', java.version: '19.0.2'\nDriver info: driver.version: ChromeDriver\r\n\tat org.openqa.selenium.remote.http.netty.NettyWebSocket.<init>(NettyWebSocket.java:102)\r\n\tat org.openqa.selenium.remote.http.netty.NettyWebSocket.lambda$create$3(NettyWebSocket.java:128)\r\n\tat org.openqa.selenium.remote.http.netty.NettyClient.openSocket(NettyClient.java:107)\r\n\tat org.openqa.selenium.devtools.Connection.<init>(Connection.java:78)\r\n\tat org.openqa.selenium.chromium.ChromiumDriver.lambda$new$2(ChromiumDriver.java:116)\r\n\tat java.base/java.util.Optional.map(Optional.java:260)\r\n\tat org.openqa.selenium.chromium.ChromiumDriver.<init>(ChromiumDriver.java:114)\r\n\tat org.openqa.selenium.chrome.ChromeDriver.<init>(ChromeDriver.java:82)\r\n\tat org.openqa.selenium.chrome.ChromeDriver.<init>(ChromeDriver.java:50)\r\n\tat tests.TestBase.openBrowser(TestBase.java:27)\r\n\tat java.base/jdk.internal.reflect.DirectMethodHandleAccessor.invoke(DirectMethodHandleAccessor.java:104)\r\n\tat java.base/java.lang.reflect.Method.invoke(Method.java:578)\r\n\tat org.testng.internal.MethodInvocationHelper.invokeMethod(MethodInvocationHelper.java:134)\r\n\tat org.testng.internal.MethodInvocationHelper.invokeMethodConsideringTimeout(MethodInvocationHelper.java:63)\r\n\tat org.testng.internal.ConfigInvoker.invokeConfigurationMethod(ConfigInvoker.java:348)\r\n\tat org.testng.internal.ConfigInvoker.invokeConfigurations(ConfigInvoker.java:302)\r\n\tat org.testng.SuiteRunner.privateRun(SuiteRunner.java:327)\r\n\tat org.testng.SuiteRunner.run(SuiteRunner.java:286)\r\n\tat org.testng.SuiteRunnerWorker.runSuite(SuiteRunnerWorker.java:53)\r\n\tat org.testng.SuiteRunnerWorker.run(SuiteRunnerWorker.java:96)\r\n\tat org.testng.TestNG.runSuitesSequentially(TestNG.java:1187)\r\n\tat org.testng.TestNG.runSuitesLocally(TestNG.java:1109)\r\n\tat org.testng.TestNG.runSuites(TestNG.java:1039)\r\n\tat org.testng.TestNG.run(TestNG.java:1007)\r\n\tat com.intellij.rt.testng.IDEARemoteTestNG.run(IDEARemoteTestNG.java:66)\r\n\tat com.intellij.rt.testng.RemoteTestNGStarter.main(RemoteTestNGStarter.java:109)\r\n",
    "steps" : [ ],
    "attachments" : [ ],
    "parameters" : [ ],
    "attachmentsCount" : 0,
    "shouldDisplayMessage" : true,
    "stepsCount" : 0,
    "hasContent" : true
  } ],
  "afterStages" : [ {
    "name" : "screenshotOnFailure",
    "time" : {
      "start" : 1683465131608,
      "stop" : 1683465131608,
      "duration" : 0
    },
    "description" : "",
    "status" : "broken",
    "steps" : [ ],
    "attachments" : [ ],
    "parameters" : [ ],
    "attachmentsCount" : 0,
    "shouldDisplayMessage" : false,
    "stepsCount" : 0,
    "hasContent" : false
  }, {
    "name" : "quitDriver",
    "time" : {
      "start" : 1683465131623,
      "stop" : 1683465131623,
      "duration" : 0
    },
    "description" : "",
    "status" : "broken",
    "steps" : [ ],
    "attachments" : [ ],
    "parameters" : [ ],
    "attachmentsCount" : 0,
    "shouldDisplayMessage" : false,
    "stepsCount" : 0,
    "hasContent" : false
  } ],
  "labels" : [ {
    "name" : "package",
    "value" : "tests.AllowenceRequestTest"
  }, {
    "name" : "testClass",
    "value" : "tests.AllowenceRequestTest"
  }, {
    "name" : "testMethod",
    "value" : "User_Enter_Payroll_Module"
  }, {
    "name" : "parentSuite",
    "value" : "Default Suite"
  }, {
    "name" : "suite",
    "value" : "Selenium Framework"
  }, {
    "name" : "subSuite",
    "value" : "tests.AllowenceRequestTest"
  }, {
    "name" : "host",
    "value" : "DESKTOP-F96MB1N"
  }, {
    "name" : "thread",
    "value" : "1912@DESKTOP-F96MB1N.main(1)"
  }, {
    "name" : "framework",
    "value" : "testng"
  }, {
    "name" : "language",
    "value" : "java"
  }, {
    "name" : "resultFormat",
    "value" : "allure2"
  } ],
  "parameters" : [ ],
  "links" : [ ],
  "hidden" : true,
  "retry" : true,
  "extra" : {
    "categories" : [ ],
    "tags" : [ ]
  },
  "source" : "869bac06496e1fe4.json",
  "parameterValues" : [ ]
}